Name              Stmts   Miss  Cover   Missing
-----------------------------------------------
src/__init__.py      21      0   100%
src/glossary.py     678    553    18%   28-30, 49-56, 59-81, 89, 103-114, 131-160, 168, 178-207, 210-240, 248, 263-268, 274-275, 280-281, 289-311, 337-394, 397, 400, 404-440, 444-473, 488-530, 538, 544-550, 631-636, 654-660, 664, 672-676, 679-681, 686, 693-695, 699, 703, 707, 710-725, 729-743, 746-786, 789, 794-814, 819-834, 839-851, 857-912, 921-924, 931-942, 947-963, 969-979, 984-993, 999-1017, 1021-1038, 1042, 1045, 1049-1059, 1063-1075, 1079-1098, 1101-1112, 1117-1127, 1131-1134
src/patch.py         51      1    98%   81
src/rack.py         303      7    98%   289-292, 371, 515-516
-----------------------------------------------
TOTAL              1053    561    47%
