Name              Stmts   Miss  Cover   Missing
-----------------------------------------------
src/__init__.py      21      0   100%
src/patch.py         51      1    98%   81
src/rack.py         303      7    98%   289-292, 371, 515-516
src/std.py          678    482    29%   25-27, 46-53, 56-78, 86, 100-111, 128-157, 165, 175-204, 207-237, 245, 260-265, 271-272, 293, 350-351, 358, 365-372, 376, 385, 418, 441-470, 485-527, 535, 541-547, 628-633, 651-657, 661, 669-673, 676-678, 683, 690-692, 696, 700, 704, 707-722, 726-740, 743-783, 786, 791-811, 816-831, 836-848, 854-909, 918-921, 928-939, 944-960, 966-976, 981-990, 996-1014, 1018-1035, 1039, 1042, 1046-1056, 1060-1072, 1076-1095, 1098-1109, 1114-1124, 1128-1131
-----------------------------------------------
TOTAL              1053    490    53%
